[29-Apr-2021 02:45:31 Europe/Helsinki] SQLSTATE[HY000]: General error: 1 no such column: id
[29-Apr-2021 02:45:52 Europe/Helsinki] PDOException: SQLSTATE[HY000]: General error: 1 no such column: id in /home/marius/Templates/abicart_test/public/index.php:55
Stack trace:
#0 /home/marius/Templates/abicart_test/public/index.php(55): PDO->prepare()
#1 /home/marius/Templates/abicart_test/vendor/slim/slim/Slim/Handlers/Strategies/RequestResponse.php(43): {closure}()
#2 /home/marius/Templates/abicart_test/vendor/slim/slim/Slim/Routing/Route.php(384): Slim\Handlers\Strategies\RequestResponse->__invoke()
#3 /home/marius/Templates/abicart_test/vendor/slim/slim/Slim/MiddlewareDispatcher.php(81): Slim\Routing\Route->handle()
#4 /home/marius/Templates/abicart_test/vendor/slim/slim/Slim/MiddlewareDispatcher.php(81): Slim\MiddlewareDispatcher->handle()
#5 /home/marius/Templates/abicart_test/vendor/slim/slim/Slim/Routing/Route.php(341): Slim\MiddlewareDispatcher->handle()
#6 /home/marius/Templates/abicart_test/vendor/slim/slim/Slim/Routing/RouteRunner.php(84): Slim\Routing\Route->run()
#7 /home/marius/Templates/abicart_test/vendor/slim/slim/Slim/Middleware/ErrorMiddleware.php(107): Slim\Routing\RouteRunner->handle()
#8 /home/marius/Templates/abicart_test/vendor/slim/slim/Slim/MiddlewareDispatcher.php(147): Slim\Middleware\ErrorMiddleware->process()
#9 /home/marius/Templates/abicart_test/public/index.php(27): class@anonymous->handle()
#10 /home/marius/Templates/abicart_test/vendor/slim/slim/Slim/MiddlewareDispatcher.php(313): {closure}()
#11 /home/marius/Templates/abicart_test/vendor/slim/slim/Slim/MiddlewareDispatcher.php(81): class@anonymous->handle()
#12 /home/marius/Templates/abicart_test/vendor/slim/slim/Slim/App.php(215): Slim\MiddlewareDispatcher->handle()
#13 /home/marius/Templates/abicart_test/vendor/slim/slim/Slim/App.php(199): Slim\App->handle()
#14 /home/marius/Templates/abicart_test/public/index.php(157): Slim\App->run()
#15 {main}
[29-Apr-2021 02:46:25 Europe/Helsinki] PHP Notice:  Undefined property: stdClass::$year in /home/marius/Templates/abicart_test/public/index.php on line 78
[29-Apr-2021 02:46:33 Europe/Helsinki] PHP Notice:  Undefined property: stdClass::$year in /home/marius/Templates/abicart_test/public/index.php on line 78
[29-Apr-2021 02:48:31 Europe/Helsinki] PHP Notice:  Undefined property: stdClass::$year in /home/marius/Templates/abicart_test/public/index.php on line 81
[29-Apr-2021 02:51:28 Europe/Helsinki] PHP Notice:  Undefined property: stdClass::$year in /home/marius/Templates/abicart_test/public/index.php on line 78
[29-Apr-2021 02:54:49 Europe/Helsinki] PHP Notice:  Undefined property: stdClass::$year in /home/marius/Templates/abicart_test/public/index.php on line 78
